{"E:\\NodeJs\\RewardsApplication\\familyRewards\\api\\responses\\badRequest.js":{"path":"E:\\NodeJs\\RewardsApplication\\familyRewards\\api\\responses\\badRequest.js","s":{"1":1,"2":0,"3":0,"4":0,"5":0,"6":0,"7":0,"8":0,"9":0,"10":0,"11":0,"12":0,"13":0,"14":0,"15":0,"16":0,"17":0},"b":{"1":[0,0],"2":[0,0],"3":[0,0],"4":[0,0],"5":[0,0],"6":[0,0]},"f":{"1":0,"2":0},"fnMap":{"1":{"name":"badRequest","line":18,"loc":{"start":{"line":18,"column":17},"end":{"line":18,"column":52}}},"2":{"name":"couldNotGuessView","line":59,"loc":{"start":{"line":59,"column":44},"end":{"line":59,"column":74}}}},"statementMap":{"1":{"start":{"line":18,"column":0},"end":{"line":63,"column":2}},"2":{"start":{"line":21,"column":2},"end":{"line":21,"column":21}},"3":{"start":{"line":22,"column":2},"end":{"line":22,"column":21}},"4":{"start":{"line":23,"column":2},"end":{"line":23,"column":25}},"5":{"start":{"line":26,"column":2},"end":{"line":26,"column":18}},"6":{"start":{"line":29,"column":2},"end":{"line":32,"column":65}},"7":{"start":{"line":30,"column":4},"end":{"line":30,"column":71}},"8":{"start":{"line":32,"column":7},"end":{"line":32,"column":65}},"9":{"start":{"line":37,"column":2},"end":{"line":39,"column":3}},"10":{"start":{"line":38,"column":4},"end":{"line":38,"column":21}},"11":{"start":{"line":42,"column":2},"end":{"line":44,"column":3}},"12":{"start":{"line":43,"column":4},"end":{"line":43,"column":27}},"13":{"start":{"line":48,"column":2},"end":{"line":48,"column":78}},"14":{"start":{"line":53,"column":2},"end":{"line":61,"column":5}},"15":{"start":{"line":54,"column":4},"end":{"line":54,"column":50}},"16":{"start":{"line":59,"column":7},"end":{"line":61,"column":5}},"17":{"start":{"line":60,"column":4},"end":{"line":60,"column":27}}},"branchMap":{"1":{"line":29,"type":"if","locations":[{"start":{"line":29,"column":2},"end":{"line":29,"column":2}},{"start":{"line":29,"column":2},"end":{"line":29,"column":2}}]},"2":{"line":37,"type":"if","locations":[{"start":{"line":37,"column":2},"end":{"line":37,"column":2}},{"start":{"line":37,"column":2},"end":{"line":37,"column":2}}]},"3":{"line":42,"type":"if","locations":[{"start":{"line":42,"column":2},"end":{"line":42,"column":2}},{"start":{"line":42,"column":2},"end":{"line":42,"column":2}}]},"4":{"line":48,"type":"cond-expr","locations":[{"start":{"line":48,"column":44},"end":{"line":48,"column":61}},{"start":{"line":48,"column":64},"end":{"line":48,"column":77}}]},"5":{"line":48,"type":"binary-expr","locations":[{"start":{"line":48,"column":64},"end":{"line":48,"column":71}},{"start":{"line":48,"column":75},"end":{"line":48,"column":77}}]},"6":{"line":53,"type":"if","locations":[{"start":{"line":53,"column":2},"end":{"line":53,"column":2}},{"start":{"line":53,"column":2},"end":{"line":53,"column":2}}]}}},"E:\\NodeJs\\RewardsApplication\\familyRewards\\api\\responses\\forbidden.js":{"path":"E:\\NodeJs\\RewardsApplication\\familyRewards\\api\\responses\\forbidden.js","s":{"1":1,"2":0,"3":0,"4":0,"5":0,"6":0,"7":0,"8":0,"9":0,"10":0,"11":0,"12":0,"13":0,"14":0,"15":0,"16":0,"17":0,"18":0,"19":0,"20":0,"21":0,"22":0},"b":{"1":[0,0],"2":[0,0],"3":[0,0],"4":[0,0],"5":[0,0],"6":[0,0],"7":[0,0],"8":[0,0]},"f":{"1":0,"2":0},"fnMap":{"1":{"name":"forbidden","line":15,"loc":{"start":{"line":15,"column":17},"end":{"line":15,"column":52}}},"2":{"name":"(anonymous_2)","line":56,"loc":{"start":{"line":56,"column":46},"end":{"line":56,"column":67}}}},"statementMap":{"1":{"start":{"line":15,"column":0},"end":{"line":76,"column":2}},"2":{"start":{"line":18,"column":2},"end":{"line":18,"column":21}},"3":{"start":{"line":19,"column":2},"end":{"line":19,"column":21}},"4":{"start":{"line":20,"column":2},"end":{"line":20,"column":25}},"5":{"start":{"line":23,"column":2},"end":{"line":23,"column":18}},"6":{"start":{"line":26,"column":2},"end":{"line":29,"column":63}},"7":{"start":{"line":27,"column":4},"end":{"line":27,"column":69}},"8":{"start":{"line":29,"column":7},"end":{"line":29,"column":63}},"9":{"start":{"line":34,"column":2},"end":{"line":36,"column":3}},"10":{"start":{"line":35,"column":4},"end":{"line":35,"column":21}},"11":{"start":{"line":39,"column":2},"end":{"line":41,"column":3}},"12":{"start":{"line":40,"column":4},"end":{"line":40,"column":27}},"13":{"start":{"line":45,"column":2},"end":{"line":45,"column":78}},"14":{"start":{"line":50,"column":2},"end":{"line":74,"column":5}},"15":{"start":{"line":51,"column":4},"end":{"line":51,"column":50}},"16":{"start":{"line":56,"column":7},"end":{"line":74,"column":5}},"17":{"start":{"line":59,"column":4},"end":{"line":71,"column":5}},"18":{"start":{"line":63,"column":6},"end":{"line":69,"column":7}},"19":{"start":{"line":64,"column":8},"end":{"line":64,"column":124}},"20":{"start":{"line":68,"column":8},"end":{"line":68,"column":145}},"21":{"start":{"line":70,"column":6},"end":{"line":70,"column":29}},"22":{"start":{"line":73,"column":4},"end":{"line":73,"column":26}}},"branchMap":{"1":{"line":26,"type":"if","locations":[{"start":{"line":26,"column":2},"end":{"line":26,"column":2}},{"start":{"line":26,"column":2},"end":{"line":26,"column":2}}]},"2":{"line":34,"type":"if","locations":[{"start":{"line":34,"column":2},"end":{"line":34,"column":2}},{"start":{"line":34,"column":2},"end":{"line":34,"column":2}}]},"3":{"line":39,"type":"if","locations":[{"start":{"line":39,"column":2},"end":{"line":39,"column":2}},{"start":{"line":39,"column":2},"end":{"line":39,"column":2}}]},"4":{"line":45,"type":"cond-expr","locations":[{"start":{"line":45,"column":44},"end":{"line":45,"column":61}},{"start":{"line":45,"column":64},"end":{"line":45,"column":77}}]},"5":{"line":45,"type":"binary-expr","locations":[{"start":{"line":45,"column":64},"end":{"line":45,"column":71}},{"start":{"line":45,"column":75},"end":{"line":45,"column":77}}]},"6":{"line":50,"type":"if","locations":[{"start":{"line":50,"column":2},"end":{"line":50,"column":2}},{"start":{"line":50,"column":2},"end":{"line":50,"column":2}}]},"7":{"line":59,"type":"if","locations":[{"start":{"line":59,"column":4},"end":{"line":59,"column":4}},{"start":{"line":59,"column":4},"end":{"line":59,"column":4}}]},"8":{"line":63,"type":"if","locations":[{"start":{"line":63,"column":6},"end":{"line":63,"column":6}},{"start":{"line":63,"column":6},"end":{"line":63,"column":6}}]}}},"E:\\NodeJs\\RewardsApplication\\familyRewards\\api\\responses\\notFound.js":{"path":"E:\\NodeJs\\RewardsApplication\\familyRewards\\api\\responses\\notFound.js","s":{"1":1,"2":0,"3":0,"4":0,"5":0,"6":0,"7":0,"8":0,"9":0,"10":0,"11":0,"12":0,"13":0,"14":0,"15":0,"16":0,"17":0,"18":0,"19":0,"20":0,"21":0,"22":0},"b":{"1":[0,0],"2":[0,0],"3":[0,0],"4":[0,0],"5":[0,0],"6":[0,0],"7":[0,0],"8":[0,0]},"f":{"1":0,"2":0},"fnMap":{"1":{"name":"notFound","line":20,"loc":{"start":{"line":20,"column":17},"end":{"line":20,"column":51}}},"2":{"name":"(anonymous_2)","line":61,"loc":{"start":{"line":61,"column":46},"end":{"line":61,"column":67}}}},"statementMap":{"1":{"start":{"line":20,"column":0},"end":{"line":81,"column":2}},"2":{"start":{"line":23,"column":2},"end":{"line":23,"column":21}},"3":{"start":{"line":24,"column":2},"end":{"line":24,"column":21}},"4":{"start":{"line":25,"column":2},"end":{"line":25,"column":25}},"5":{"start":{"line":28,"column":2},"end":{"line":28,"column":18}},"6":{"start":{"line":31,"column":2},"end":{"line":34,"column":63}},"7":{"start":{"line":32,"column":4},"end":{"line":32,"column":69}},"8":{"start":{"line":34,"column":7},"end":{"line":34,"column":63}},"9":{"start":{"line":39,"column":2},"end":{"line":41,"column":3}},"10":{"start":{"line":40,"column":4},"end":{"line":40,"column":21}},"11":{"start":{"line":44,"column":2},"end":{"line":46,"column":3}},"12":{"start":{"line":45,"column":4},"end":{"line":45,"column":27}},"13":{"start":{"line":50,"column":2},"end":{"line":50,"column":78}},"14":{"start":{"line":55,"column":2},"end":{"line":79,"column":5}},"15":{"start":{"line":56,"column":4},"end":{"line":56,"column":50}},"16":{"start":{"line":61,"column":7},"end":{"line":79,"column":5}},"17":{"start":{"line":64,"column":4},"end":{"line":76,"column":5}},"18":{"start":{"line":68,"column":6},"end":{"line":74,"column":7}},"19":{"start":{"line":69,"column":8},"end":{"line":69,"column":123}},"20":{"start":{"line":73,"column":8},"end":{"line":73,"column":144}},"21":{"start":{"line":75,"column":6},"end":{"line":75,"column":29}},"22":{"start":{"line":78,"column":4},"end":{"line":78,"column":26}}},"branchMap":{"1":{"line":31,"type":"if","locations":[{"start":{"line":31,"column":2},"end":{"line":31,"column":2}},{"start":{"line":31,"column":2},"end":{"line":31,"column":2}}]},"2":{"line":39,"type":"if","locations":[{"start":{"line":39,"column":2},"end":{"line":39,"column":2}},{"start":{"line":39,"column":2},"end":{"line":39,"column":2}}]},"3":{"line":44,"type":"if","locations":[{"start":{"line":44,"column":2},"end":{"line":44,"column":2}},{"start":{"line":44,"column":2},"end":{"line":44,"column":2}}]},"4":{"line":50,"type":"cond-expr","locations":[{"start":{"line":50,"column":44},"end":{"line":50,"column":61}},{"start":{"line":50,"column":64},"end":{"line":50,"column":77}}]},"5":{"line":50,"type":"binary-expr","locations":[{"start":{"line":50,"column":64},"end":{"line":50,"column":71}},{"start":{"line":50,"column":75},"end":{"line":50,"column":77}}]},"6":{"line":55,"type":"if","locations":[{"start":{"line":55,"column":2},"end":{"line":55,"column":2}},{"start":{"line":55,"column":2},"end":{"line":55,"column":2}}]},"7":{"line":64,"type":"if","locations":[{"start":{"line":64,"column":4},"end":{"line":64,"column":4}},{"start":{"line":64,"column":4},"end":{"line":64,"column":4}}]},"8":{"line":68,"type":"if","locations":[{"start":{"line":68,"column":6},"end":{"line":68,"column":6}},{"start":{"line":68,"column":6},"end":{"line":68,"column":6}}]}}},"E:\\NodeJs\\RewardsApplication\\familyRewards\\api\\responses\\ok.js":{"path":"E:\\NodeJs\\RewardsApplication\\familyRewards\\api\\responses\\ok.js","s":{"1":1,"2":0,"3":0,"4":0,"5":0,"6":0,"7":0,"8":0,"9":0,"10":0,"11":0,"12":0,"13":0},"b":{"1":[0,0],"2":[0,0],"3":[0,0],"4":[0,0]},"f":{"1":0,"2":0},"fnMap":{"1":{"name":"sendOK","line":14,"loc":{"start":{"line":14,"column":17},"end":{"line":14,"column":49}}},"2":{"name":"couldNotGuessView","line":44,"loc":{"start":{"line":44,"column":44},"end":{"line":44,"column":74}}}},"statementMap":{"1":{"start":{"line":14,"column":0},"end":{"line":48,"column":2}},"2":{"start":{"line":17,"column":2},"end":{"line":17,"column":21}},"3":{"start":{"line":18,"column":2},"end":{"line":18,"column":21}},"4":{"start":{"line":19,"column":2},"end":{"line":19,"column":25}},"5":{"start":{"line":21,"column":2},"end":{"line":21,"column":61}},"6":{"start":{"line":24,"column":2},"end":{"line":24,"column":18}},"7":{"start":{"line":27,"column":2},"end":{"line":29,"column":3}},"8":{"start":{"line":28,"column":4},"end":{"line":28,"column":27}},"9":{"start":{"line":33,"column":2},"end":{"line":33,"column":78}},"10":{"start":{"line":38,"column":2},"end":{"line":46,"column":5}},"11":{"start":{"line":39,"column":4},"end":{"line":39,"column":50}},"12":{"start":{"line":44,"column":7},"end":{"line":46,"column":5}},"13":{"start":{"line":45,"column":4},"end":{"line":45,"column":27}}},"branchMap":{"1":{"line":27,"type":"if","locations":[{"start":{"line":27,"column":2},"end":{"line":27,"column":2}},{"start":{"line":27,"column":2},"end":{"line":27,"column":2}}]},"2":{"line":33,"type":"cond-expr","locations":[{"start":{"line":33,"column":44},"end":{"line":33,"column":61}},{"start":{"line":33,"column":64},"end":{"line":33,"column":77}}]},"3":{"line":33,"type":"binary-expr","locations":[{"start":{"line":33,"column":64},"end":{"line":33,"column":71}},{"start":{"line":33,"column":75},"end":{"line":33,"column":77}}]},"4":{"line":38,"type":"if","locations":[{"start":{"line":38,"column":2},"end":{"line":38,"column":2}},{"start":{"line":38,"column":2},"end":{"line":38,"column":2}}]}}},"E:\\NodeJs\\RewardsApplication\\familyRewards\\api\\responses\\serverError.js":{"path":"E:\\NodeJs\\RewardsApplication\\familyRewards\\api\\responses\\serverError.js","s":{"1":1,"2":0,"3":0,"4":0,"5":0,"6":0,"7":0,"8":0,"9":0,"10":0,"11":0,"12":0,"13":0,"14":0,"15":0,"16":0,"17":0,"18":0,"19":0,"20":0,"21":0,"22":0},"b":{"1":[0,0],"2":[0,0],"3":[0,0],"4":[0,0],"5":[0,0],"6":[0,0],"7":[0,0],"8":[0,0]},"f":{"1":0,"2":0},"fnMap":{"1":{"name":"serverError","line":15,"loc":{"start":{"line":15,"column":17},"end":{"line":15,"column":54}}},"2":{"name":"(anonymous_2)","line":56,"loc":{"start":{"line":56,"column":46},"end":{"line":56,"column":67}}}},"statementMap":{"1":{"start":{"line":15,"column":0},"end":{"line":76,"column":2}},"2":{"start":{"line":18,"column":2},"end":{"line":18,"column":21}},"3":{"start":{"line":19,"column":2},"end":{"line":19,"column":21}},"4":{"start":{"line":20,"column":2},"end":{"line":20,"column":25}},"5":{"start":{"line":23,"column":2},"end":{"line":23,"column":18}},"6":{"start":{"line":26,"column":2},"end":{"line":29,"column":70}},"7":{"start":{"line":27,"column":4},"end":{"line":27,"column":70}},"8":{"start":{"line":29,"column":7},"end":{"line":29,"column":70}},"9":{"start":{"line":34,"column":2},"end":{"line":36,"column":3}},"10":{"start":{"line":35,"column":4},"end":{"line":35,"column":21}},"11":{"start":{"line":39,"column":2},"end":{"line":41,"column":3}},"12":{"start":{"line":40,"column":4},"end":{"line":40,"column":27}},"13":{"start":{"line":45,"column":2},"end":{"line":45,"column":78}},"14":{"start":{"line":50,"column":2},"end":{"line":74,"column":5}},"15":{"start":{"line":51,"column":4},"end":{"line":51,"column":50}},"16":{"start":{"line":56,"column":7},"end":{"line":74,"column":5}},"17":{"start":{"line":59,"column":4},"end":{"line":71,"column":5}},"18":{"start":{"line":63,"column":6},"end":{"line":69,"column":7}},"19":{"start":{"line":64,"column":8},"end":{"line":64,"column":126}},"20":{"start":{"line":68,"column":8},"end":{"line":68,"column":147}},"21":{"start":{"line":70,"column":6},"end":{"line":70,"column":29}},"22":{"start":{"line":73,"column":4},"end":{"line":73,"column":26}}},"branchMap":{"1":{"line":26,"type":"if","locations":[{"start":{"line":26,"column":2},"end":{"line":26,"column":2}},{"start":{"line":26,"column":2},"end":{"line":26,"column":2}}]},"2":{"line":34,"type":"if","locations":[{"start":{"line":34,"column":2},"end":{"line":34,"column":2}},{"start":{"line":34,"column":2},"end":{"line":34,"column":2}}]},"3":{"line":39,"type":"if","locations":[{"start":{"line":39,"column":2},"end":{"line":39,"column":2}},{"start":{"line":39,"column":2},"end":{"line":39,"column":2}}]},"4":{"line":45,"type":"cond-expr","locations":[{"start":{"line":45,"column":44},"end":{"line":45,"column":61}},{"start":{"line":45,"column":64},"end":{"line":45,"column":77}}]},"5":{"line":45,"type":"binary-expr","locations":[{"start":{"line":45,"column":64},"end":{"line":45,"column":71}},{"start":{"line":45,"column":75},"end":{"line":45,"column":77}}]},"6":{"line":50,"type":"if","locations":[{"start":{"line":50,"column":2},"end":{"line":50,"column":2}},{"start":{"line":50,"column":2},"end":{"line":50,"column":2}}]},"7":{"line":59,"type":"if","locations":[{"start":{"line":59,"column":4},"end":{"line":59,"column":4}},{"start":{"line":59,"column":4},"end":{"line":59,"column":4}}]},"8":{"line":63,"type":"if","locations":[{"start":{"line":63,"column":6},"end":{"line":63,"column":6}},{"start":{"line":63,"column":6},"end":{"line":63,"column":6}}]}}},"E:\\NodeJs\\RewardsApplication\\familyRewards\\api\\services\\passport.js":{"path":"E:\\NodeJs\\RewardsApplication\\familyRewards\\api\\services\\passport.js","s":{"1":1,"2":1,"3":1,"4":0,"5":0,"6":0,"7":0,"8":0,"9":0,"10":0,"11":0,"12":0,"13":0,"14":0,"15":0,"16":0,"17":0,"18":0,"19":0,"20":0,"21":0,"22":0,"23":0,"24":0,"25":0,"26":0,"27":0,"28":0,"29":0,"30":0,"31":0,"32":0,"33":0,"34":0,"35":0,"36":0,"37":0,"38":0,"39":0,"40":0,"41":0,"42":0,"43":0,"44":0,"45":1,"46":0,"47":0,"48":0,"49":0,"50":0,"51":0,"52":1,"53":0,"54":0,"55":0,"56":0,"57":0,"58":0,"59":0,"60":0,"61":0,"62":0,"63":0,"64":0,"65":1,"66":1,"67":1,"68":1,"69":1,"70":1,"71":1,"72":1,"73":1,"74":1,"75":0,"76":0,"77":0,"78":0,"79":0,"80":0,"81":0,"82":0,"83":0,"84":0,"85":0,"86":0,"87":0,"88":0,"89":0,"90":0,"91":0,"92":0,"93":1,"94":0,"95":0,"96":0,"97":0,"98":0,"99":0,"100":0,"101":0,"102":0,"103":0,"104":1,"105":0,"106":1,"107":0,"108":1},"b":{"1":[0,0],"2":[0,0],"3":[0,0],"4":[0,0],"5":[0,0],"6":[0,0],"7":[0,0],"8":[0,0],"9":[0,0],"10":[0,0],"11":[0,0],"12":[0,0],"13":[0,0],"14":[0,0],"15":[0,0],"16":[0,0],"17":[0,0],"18":[0,0],"19":[0,0],"20":[0,0],"21":[0,0],"22":[0,0],"23":[0,0],"24":[0,0],"25":[0,0],"26":[0,0],"27":[0,0],"28":[0,0],"29":[0,0],"30":[0,0],"31":[1,0],"32":[1,1],"33":[1,0],"34":[0,0],"35":[0,0],"36":[0,0],"37":[0,0,0],"38":[0,0],"39":[0,0],"40":[0,0]},"f":{"1":0,"2":0,"3":0,"4":0,"5":0,"6":0,"7":0,"8":0,"9":1,"10":1,"11":0,"12":0,"13":0,"14":0,"15":0},"fnMap":{"1":{"name":"(anonymous_1)","line":65,"loc":{"start":{"line":65,"column":19},"end":{"line":65,"column":56}}},"2":{"name":"(anonymous_2)","line":102,"loc":{"start":{"line":102,"column":5},"end":{"line":102,"column":30}}},"3":{"name":"(anonymous_3)","line":112,"loc":{"start":{"line":112,"column":26},"end":{"line":112,"column":47}}},"4":{"name":"(anonymous_4)","line":128,"loc":{"start":{"line":128,"column":33},"end":{"line":128,"column":58}}},"5":{"name":"(anonymous_5)","line":148,"loc":{"start":{"line":148,"column":22},"end":{"line":148,"column":47}}},"6":{"name":"(anonymous_6)","line":164,"loc":{"start":{"line":164,"column":31},"end":{"line":164,"column":56}}},"7":{"name":"(anonymous_7)","line":191,"loc":{"start":{"line":191,"column":20},"end":{"line":191,"column":40}}},"8":{"name":"(anonymous_8)","line":223,"loc":{"start":{"line":223,"column":20},"end":{"line":223,"column":46}}},"9":{"name":"(anonymous_9)","line":277,"loc":{"start":{"line":277,"column":26},"end":{"line":277,"column":38}}},"10":{"name":"(anonymous_10)","line":281,"loc":{"start":{"line":281,"column":34},"end":{"line":281,"column":49}}},"11":{"name":"(anonymous_11)","line":346,"loc":{"start":{"line":346,"column":22},"end":{"line":346,"column":48}}},"12":{"name":"(anonymous_12)","line":354,"loc":{"start":{"line":354,"column":26},"end":{"line":354,"column":51}}},"13":{"name":"(anonymous_13)","line":359,"loc":{"start":{"line":359,"column":34},"end":{"line":359,"column":51}}},"14":{"name":"(anonymous_14)","line":369,"loc":{"start":{"line":369,"column":23},"end":{"line":369,"column":45}}},"15":{"name":"(anonymous_15)","line":373,"loc":{"start":{"line":373,"column":25},"end":{"line":373,"column":45}}}},"statementMap":{"1":{"start":{"line":1,"column":0},"end":{"line":3,"column":35}},"2":{"start":{"line":30,"column":0},"end":{"line":30,"column":44}},"3":{"start":{"line":65,"column":0},"end":{"line":180,"column":2}},"4":{"start":{"line":66,"column":2},"end":{"line":67,"column":15}},"5":{"start":{"line":70,"column":2},"end":{"line":70,"column":41}},"6":{"start":{"line":74,"column":2},"end":{"line":74,"column":48}},"7":{"start":{"line":78,"column":2},"end":{"line":80,"column":3}},"8":{"start":{"line":79,"column":4},"end":{"line":79,"column":73}},"9":{"start":{"line":84,"column":2},"end":{"line":86,"column":3}},"10":{"start":{"line":85,"column":4},"end":{"line":85,"column":41}},"11":{"start":{"line":88,"column":2},"end":{"line":90,"column":3}},"12":{"start":{"line":89,"column":4},"end":{"line":89,"column":37}},"13":{"start":{"line":95,"column":2},"end":{"line":97,"column":3}},"14":{"start":{"line":96,"column":4},"end":{"line":96,"column":73}},"15":{"start":{"line":99,"column":2},"end":{"line":179,"column":5}},"16":{"start":{"line":103,"column":4},"end":{"line":105,"column":5}},"17":{"start":{"line":104,"column":6},"end":{"line":104,"column":23}},"18":{"start":{"line":107,"column":4},"end":{"line":178,"column":5}},"19":{"start":{"line":111,"column":6},"end":{"line":156,"column":7}},"20":{"start":{"line":112,"column":8},"end":{"line":136,"column":11}},"21":{"start":{"line":113,"column":10},"end":{"line":124,"column":11}},"22":{"start":{"line":114,"column":12},"end":{"line":121,"column":13}},"23":{"start":{"line":115,"column":14},"end":{"line":120,"column":15}},"24":{"start":{"line":116,"column":16},"end":{"line":116,"column":66}},"25":{"start":{"line":119,"column":16},"end":{"line":119,"column":65}},"26":{"start":{"line":123,"column":12},"end":{"line":123,"column":29}},"27":{"start":{"line":126,"column":10},"end":{"line":126,"column":31}},"28":{"start":{"line":128,"column":10},"end":{"line":135,"column":13}},"29":{"start":{"line":130,"column":12},"end":{"line":132,"column":13}},"30":{"start":{"line":131,"column":14},"end":{"line":131,"column":31}},"31":{"start":{"line":134,"column":12},"end":{"line":134,"column":28}},"32":{"start":{"line":143,"column":8},"end":{"line":145,"column":9}},"33":{"start":{"line":144,"column":10},"end":{"line":144,"column":41}},"34":{"start":{"line":148,"column":8},"end":{"line":155,"column":11}},"35":{"start":{"line":149,"column":10},"end":{"line":151,"column":11}},"36":{"start":{"line":150,"column":12},"end":{"line":150,"column":29}},"37":{"start":{"line":154,"column":10},"end":{"line":154,"column":47}},"38":{"start":{"line":161,"column":6},"end":{"line":177,"column":7}},"39":{"start":{"line":162,"column":8},"end":{"line":162,"column":33}},"40":{"start":{"line":164,"column":8},"end":{"line":171,"column":11}},"41":{"start":{"line":166,"column":10},"end":{"line":168,"column":11}},"42":{"start":{"line":167,"column":12},"end":{"line":167,"column":29}},"43":{"start":{"line":170,"column":10},"end":{"line":170,"column":30}},"44":{"start":{"line":176,"column":8},"end":{"line":176,"column":29}},"45":{"start":{"line":191,"column":0},"end":{"line":211,"column":2}},"46":{"start":{"line":192,"column":2},"end":{"line":194,"column":22}},"47":{"start":{"line":198,"column":2},"end":{"line":200,"column":3}},"48":{"start":{"line":199,"column":4},"end":{"line":199,"column":34}},"49":{"start":{"line":203,"column":2},"end":{"line":205,"column":3}},"50":{"start":{"line":204,"column":4},"end":{"line":204,"column":47}},"51":{"start":{"line":210,"column":2},"end":{"line":210,"column":59}},"52":{"start":{"line":223,"column":0},"end":{"line":253,"column":2}},"53":{"start":{"line":224,"column":2},"end":{"line":225,"column":37}},"54":{"start":{"line":229,"column":2},"end":{"line":252,"column":3}},"55":{"start":{"line":230,"column":4},"end":{"line":241,"column":5}},"56":{"start":{"line":231,"column":6},"end":{"line":231,"column":52}},"57":{"start":{"line":233,"column":9},"end":{"line":241,"column":5}},"58":{"start":{"line":234,"column":6},"end":{"line":234,"column":51}},"59":{"start":{"line":236,"column":9},"end":{"line":241,"column":5}},"60":{"start":{"line":237,"column":6},"end":{"line":237,"column":38}},"61":{"start":{"line":240,"column":6},"end":{"line":240,"column":40}},"62":{"start":{"line":243,"column":4},"end":{"line":251,"column":5}},"63":{"start":{"line":244,"column":6},"end":{"line":244,"column":39}},"64":{"start":{"line":250,"column":6},"end":{"line":250,"column":60}},"65":{"start":{"line":277,"column":0},"end":{"line":338,"column":2}},"66":{"start":{"line":278,"column":2},"end":{"line":279,"column":41}},"67":{"start":{"line":281,"column":2},"end":{"line":337,"column":5}},"68":{"start":{"line":282,"column":4},"end":{"line":282,"column":56}},"69":{"start":{"line":284,"column":4},"end":{"line":336,"column":5}},"70":{"start":{"line":287,"column":6},"end":{"line":287,"column":57}},"71":{"start":{"line":290,"column":6},"end":{"line":290,"column":55}},"72":{"start":{"line":293,"column":6},"end":{"line":297,"column":7}},"73":{"start":{"line":294,"column":8},"end":{"line":294,"column":44}},"74":{"start":{"line":296,"column":8},"end":{"line":296,"column":68}},"75":{"start":{"line":298,"column":11},"end":{"line":336,"column":5}},"76":{"start":{"line":300,"column":6},"end":{"line":303,"column":7}},"77":{"start":{"line":301,"column":8},"end":{"line":301,"column":44}},"78":{"start":{"line":302,"column":8},"end":{"line":302,"column":64}},"79":{"start":{"line":306,"column":6},"end":{"line":307,"column":46}},"80":{"start":{"line":309,"column":6},"end":{"line":311,"column":7}},"81":{"start":{"line":310,"column":8},"end":{"line":310,"column":47}},"82":{"start":{"line":313,"column":6},"end":{"line":313,"column":42}},"83":{"start":{"line":315,"column":6},"end":{"line":315,"column":39}},"84":{"start":{"line":317,"column":6},"end":{"line":328,"column":7}},"85":{"start":{"line":320,"column":10},"end":{"line":320,"column":63}},"86":{"start":{"line":321,"column":10},"end":{"line":321,"column":16}},"87":{"start":{"line":324,"column":10},"end":{"line":324,"column":61}},"88":{"start":{"line":325,"column":10},"end":{"line":325,"column":38}},"89":{"start":{"line":326,"column":10},"end":{"line":326,"column":35}},"90":{"start":{"line":327,"column":10},"end":{"line":327,"column":16}},"91":{"start":{"line":333,"column":6},"end":{"line":333,"column":49}},"92":{"start":{"line":335,"column":6},"end":{"line":335,"column":64}},"93":{"start":{"line":346,"column":0},"end":{"line":367,"column":2}},"94":{"start":{"line":347,"column":2},"end":{"line":349,"column":20}},"95":{"start":{"line":351,"column":2},"end":{"line":351,"column":23}},"96":{"start":{"line":352,"column":2},"end":{"line":352,"column":67}},"97":{"start":{"line":354,"column":2},"end":{"line":366,"column":5}},"98":{"start":{"line":355,"column":4},"end":{"line":357,"column":5}},"99":{"start":{"line":356,"column":6},"end":{"line":356,"column":23}},"100":{"start":{"line":359,"column":4},"end":{"line":365,"column":7}},"101":{"start":{"line":360,"column":6},"end":{"line":362,"column":7}},"102":{"start":{"line":361,"column":10},"end":{"line":361,"column":27}},"103":{"start":{"line":364,"column":6},"end":{"line":364,"column":23}},"104":{"start":{"line":369,"column":0},"end":{"line":371,"column":3}},"105":{"start":{"line":370,"column":2},"end":{"line":370,"column":22}},"106":{"start":{"line":373,"column":0},"end":{"line":375,"column":3}},"107":{"start":{"line":374,"column":2},"end":{"line":374,"column":25}},"108":{"start":{"line":377,"column":0},"end":{"line":377,"column":26}}},"branchMap":{"1":{"line":74,"type":"binary-expr","locations":[{"start":{"line":74,"column":13},"end":{"line":74,"column":29}},{"start":{"line":74,"column":33},"end":{"line":74,"column":47}}]},"2":{"line":78,"type":"if","locations":[{"start":{"line":78,"column":2},"end":{"line":78,"column":2}},{"start":{"line":78,"column":2},"end":{"line":78,"column":2}}]},"3":{"line":84,"type":"if","locations":[{"start":{"line":84,"column":2},"end":{"line":84,"column":2}},{"start":{"line":84,"column":2},"end":{"line":84,"column":2}}]},"4":{"line":88,"type":"if","locations":[{"start":{"line":88,"column":2},"end":{"line":88,"column":2}},{"start":{"line":88,"column":2},"end":{"line":88,"column":2}}]},"5":{"line":95,"type":"if","locations":[{"start":{"line":95,"column":2},"end":{"line":95,"column":2}},{"start":{"line":95,"column":2},"end":{"line":95,"column":2}}]},"6":{"line":95,"type":"binary-expr","locations":[{"start":{"line":95,"column":6},"end":{"line":95,"column":20}},{"start":{"line":95,"column":24},"end":{"line":95,"column":35}}]},"7":{"line":103,"type":"if","locations":[{"start":{"line":103,"column":4},"end":{"line":103,"column":4}},{"start":{"line":103,"column":4},"end":{"line":103,"column":4}}]},"8":{"line":107,"type":"if","locations":[{"start":{"line":107,"column":4},"end":{"line":107,"column":4}},{"start":{"line":107,"column":4},"end":{"line":107,"column":4}}]},"9":{"line":111,"type":"if","locations":[{"start":{"line":111,"column":6},"end":{"line":111,"column":6}},{"start":{"line":111,"column":6},"end":{"line":111,"column":6}}]},"10":{"line":113,"type":"if","locations":[{"start":{"line":113,"column":10},"end":{"line":113,"column":10}},{"start":{"line":113,"column":10},"end":{"line":113,"column":10}}]},"11":{"line":114,"type":"if","locations":[{"start":{"line":114,"column":12},"end":{"line":114,"column":12}},{"start":{"line":114,"column":12},"end":{"line":114,"column":12}}]},"12":{"line":115,"type":"if","locations":[{"start":{"line":115,"column":14},"end":{"line":115,"column":14}},{"start":{"line":115,"column":14},"end":{"line":115,"column":14}}]},"13":{"line":130,"type":"if","locations":[{"start":{"line":130,"column":12},"end":{"line":130,"column":12}},{"start":{"line":130,"column":12},"end":{"line":130,"column":12}}]},"14":{"line":143,"type":"if","locations":[{"start":{"line":143,"column":8},"end":{"line":143,"column":8}},{"start":{"line":143,"column":8},"end":{"line":143,"column":8}}]},"15":{"line":143,"type":"binary-expr","locations":[{"start":{"line":143,"column":12},"end":{"line":143,"column":42}},{"start":{"line":143,"column":46},"end":{"line":143,"column":78}}]},"16":{"line":149,"type":"if","locations":[{"start":{"line":149,"column":10},"end":{"line":149,"column":10}},{"start":{"line":149,"column":10},"end":{"line":149,"column":10}}]},"17":{"line":161,"type":"if","locations":[{"start":{"line":161,"column":6},"end":{"line":161,"column":6}},{"start":{"line":161,"column":6},"end":{"line":161,"column":6}}]},"18":{"line":166,"type":"if","locations":[{"start":{"line":166,"column":10},"end":{"line":166,"column":10}},{"start":{"line":166,"column":10},"end":{"line":166,"column":10}}]},"19":{"line":198,"type":"if","locations":[{"start":{"line":198,"column":2},"end":{"line":198,"column":2}},{"start":{"line":198,"column":2},"end":{"line":198,"column":2}}]},"20":{"line":203,"type":"if","locations":[{"start":{"line":203,"column":2},"end":{"line":203,"column":2}},{"start":{"line":203,"column":2},"end":{"line":203,"column":2}}]},"21":{"line":229,"type":"if","locations":[{"start":{"line":229,"column":2},"end":{"line":229,"column":2}},{"start":{"line":229,"column":2},"end":{"line":229,"column":2}}]},"22":{"line":229,"type":"binary-expr","locations":[{"start":{"line":229,"column":6},"end":{"line":229,"column":26}},{"start":{"line":229,"column":30},"end":{"line":229,"column":50}}]},"23":{"line":230,"type":"if","locations":[{"start":{"line":230,"column":4},"end":{"line":230,"column":4}},{"start":{"line":230,"column":4},"end":{"line":230,"column":4}}]},"24":{"line":230,"type":"binary-expr","locations":[{"start":{"line":230,"column":8},"end":{"line":230,"column":29}},{"start":{"line":230,"column":33},"end":{"line":230,"column":42}}]},"25":{"line":233,"type":"if","locations":[{"start":{"line":233,"column":9},"end":{"line":233,"column":9}},{"start":{"line":233,"column":9},"end":{"line":233,"column":9}}]},"26":{"line":233,"type":"binary-expr","locations":[{"start":{"line":233,"column":13},"end":{"line":233,"column":33}},{"start":{"line":233,"column":37},"end":{"line":233,"column":45}}]},"27":{"line":236,"type":"if","locations":[{"start":{"line":236,"column":9},"end":{"line":236,"column":9}},{"start":{"line":236,"column":9},"end":{"line":236,"column":9}}]},"28":{"line":236,"type":"binary-expr","locations":[{"start":{"line":236,"column":13},"end":{"line":236,"column":36}},{"start":{"line":236,"column":40},"end":{"line":236,"column":48}}]},"29":{"line":243,"type":"if","locations":[{"start":{"line":243,"column":4},"end":{"line":243,"column":4}},{"start":{"line":243,"column":4},"end":{"line":243,"column":4}}]},"30":{"line":243,"type":"binary-expr","locations":[{"start":{"line":243,"column":8},"end":{"line":243,"column":31}},{"start":{"line":243,"column":35},"end":{"line":243,"column":43}}]},"31":{"line":284,"type":"if","locations":[{"start":{"line":284,"column":4},"end":{"line":284,"column":4}},{"start":{"line":284,"column":4},"end":{"line":284,"column":4}}]},"32":{"line":290,"type":"binary-expr","locations":[{"start":{"line":290,"column":24},"end":{"line":290,"column":47}},{"start":{"line":290,"column":51},"end":{"line":290,"column":53}}]},"33":{"line":293,"type":"if","locations":[{"start":{"line":293,"column":6},"end":{"line":293,"column":6}},{"start":{"line":293,"column":6},"end":{"line":293,"column":6}}]},"34":{"line":298,"type":"if","locations":[{"start":{"line":298,"column":11},"end":{"line":298,"column":11}},{"start":{"line":298,"column":11},"end":{"line":298,"column":11}}]},"35":{"line":300,"type":"if","locations":[{"start":{"line":300,"column":6},"end":{"line":300,"column":6}},{"start":{"line":300,"column":6},"end":{"line":300,"column":6}}]},"36":{"line":309,"type":"if","locations":[{"start":{"line":309,"column":6},"end":{"line":309,"column":6}},{"start":{"line":309,"column":6},"end":{"line":309,"column":6}}]},"37":{"line":317,"type":"switch","locations":[{"start":{"line":318,"column":8},"end":{"line":318,"column":21}},{"start":{"line":319,"column":8},"end":{"line":321,"column":16}},{"start":{"line":323,"column":8},"end":{"line":327,"column":16}}]},"38":{"line":352,"type":"cond-expr","locations":[{"start":{"line":352,"column":31},"end":{"line":352,"column":41}},{"start":{"line":352,"column":44},"end":{"line":352,"column":54}}]},"39":{"line":355,"type":"if","locations":[{"start":{"line":355,"column":4},"end":{"line":355,"column":4}},{"start":{"line":355,"column":4},"end":{"line":355,"column":4}}]},"40":{"line":360,"type":"if","locations":[{"start":{"line":360,"column":6},"end":{"line":360,"column":6}},{"start":{"line":360,"column":6},"end":{"line":360,"column":6}}]}}},"E:\\NodeJs\\RewardsApplication\\familyRewards\\api\\services\\protocols\\index.js":{"path":"E:\\NodeJs\\RewardsApplication\\familyRewards\\api\\services\\protocols\\index.js","s":{"1":1},"b":{},"f":{},"fnMap":{},"statementMap":{"1":{"start":{"line":14,"column":0},"end":{"line":21,"column":2}}},"branchMap":{}},"E:\\NodeJs\\RewardsApplication\\familyRewards\\api\\services\\protocols\\local.js":{"path":"E:\\NodeJs\\RewardsApplication\\familyRewards\\api\\services\\protocols\\local.js","s":{"1":1,"2":1,"3":1,"4":0,"5":0,"6":0,"7":0,"8":0,"9":0,"10":0,"11":0,"12":0,"13":0,"14":0,"15":0,"16":0,"17":0,"18":0,"19":0,"20":0,"21":0,"22":0,"23":0,"24":0,"25":0,"26":0,"27":0,"28":0,"29":1,"30":0,"31":0,"32":0,"33":0,"34":0,"35":0,"36":0,"37":0,"38":1,"39":0,"40":0,"41":0,"42":0,"43":0,"44":0,"45":0,"46":0,"47":0,"48":0,"49":0,"50":0,"51":0,"52":0,"53":0,"54":0,"55":0,"56":0,"57":0,"58":0,"59":0,"60":0,"61":0},"b":{"1":[0,0],"2":[0,0],"3":[0,0],"4":[0,0],"5":[0,0],"6":[0,0],"7":[0,0],"8":[0,0],"9":[0,0],"10":[0,0],"11":[0,0],"12":[0,0],"13":[0,0],"14":[0,0],"15":[0,0],"16":[0,0],"17":[0,0],"18":[0,0]},"f":{"1":0,"2":0,"3":0,"4":0,"5":0,"6":0,"7":0,"8":0,"9":0,"10":0,"11":0},"fnMap":{"1":{"name":"(anonymous_1)","line":26,"loc":{"start":{"line":26,"column":19},"end":{"line":26,"column":45}}},"2":{"name":"(anonymous_2)","line":49,"loc":{"start":{"line":49,"column":5},"end":{"line":49,"column":26}}},"3":{"name":"(anonymous_3)","line":70,"loc":{"start":{"line":70,"column":7},"end":{"line":70,"column":32}}},"4":{"name":"(anonymous_4)","line":76,"loc":{"start":{"line":76,"column":28},"end":{"line":76,"column":50}}},"5":{"name":"(anonymous_5)","line":97,"loc":{"start":{"line":97,"column":18},"end":{"line":97,"column":44}}},"6":{"name":"(anonymous_6)","line":104,"loc":{"start":{"line":104,"column":5},"end":{"line":104,"column":30}}},"7":{"name":"(anonymous_7)","line":114,"loc":{"start":{"line":114,"column":9},"end":{"line":114,"column":34}}},"8":{"name":"(anonymous_8)","line":136,"loc":{"start":{"line":136,"column":16},"end":{"line":136,"column":59}}},"9":{"name":"(anonymous_9)","line":147,"loc":{"start":{"line":147,"column":22},"end":{"line":147,"column":43}}},"10":{"name":"(anonymous_10)","line":165,"loc":{"start":{"line":165,"column":7},"end":{"line":165,"column":32}}},"11":{"name":"(anonymous_11)","line":167,"loc":{"start":{"line":167,"column":44},"end":{"line":167,"column":64}}}},"statementMap":{"1":{"start":{"line":1,"column":0},"end":{"line":1,"column":37}},"2":{"start":{"line":2,"column":0},"end":{"line":2,"column":34}},"3":{"start":{"line":26,"column":0},"end":{"line":84,"column":2}},"4":{"start":{"line":27,"column":2},"end":{"line":29,"column":39}},"5":{"start":{"line":31,"column":2},"end":{"line":34,"column":3}},"6":{"start":{"line":32,"column":4},"end":{"line":32,"column":55}},"7":{"start":{"line":33,"column":4},"end":{"line":33,"column":52}},"8":{"start":{"line":36,"column":2},"end":{"line":39,"column":3}},"9":{"start":{"line":37,"column":4},"end":{"line":37,"column":58}},"10":{"start":{"line":38,"column":4},"end":{"line":38,"column":55}},"11":{"start":{"line":41,"column":2},"end":{"line":44,"column":3}},"12":{"start":{"line":42,"column":4},"end":{"line":42,"column":58}},"13":{"start":{"line":43,"column":4},"end":{"line":43,"column":55}},"14":{"start":{"line":46,"column":2},"end":{"line":83,"column":5}},"15":{"start":{"line":50,"column":4},"end":{"line":60,"column":5}},"16":{"start":{"line":51,"column":6},"end":{"line":57,"column":7}},"17":{"start":{"line":52,"column":8},"end":{"line":56,"column":9}},"18":{"start":{"line":53,"column":10},"end":{"line":53,"column":60}},"19":{"start":{"line":55,"column":10},"end":{"line":55,"column":59}},"20":{"start":{"line":59,"column":6},"end":{"line":59,"column":23}},"21":{"start":{"line":63,"column":4},"end":{"line":63,"column":58}},"22":{"start":{"line":65,"column":4},"end":{"line":82,"column":7}},"23":{"start":{"line":71,"column":6},"end":{"line":79,"column":7}},"24":{"start":{"line":72,"column":8},"end":{"line":74,"column":9}},"25":{"start":{"line":73,"column":10},"end":{"line":73,"column":64}},"26":{"start":{"line":76,"column":8},"end":{"line":78,"column":11}},"27":{"start":{"line":77,"column":10},"end":{"line":77,"column":34}},"28":{"start":{"line":81,"column":6},"end":{"line":81,"column":23}},"29":{"start":{"line":97,"column":0},"end":{"line":122,"column":2}},"30":{"start":{"line":98,"column":2},"end":{"line":99,"column":39}},"31":{"start":{"line":101,"column":2},"end":{"line":121,"column":5}},"32":{"start":{"line":105,"column":4},"end":{"line":107,"column":5}},"33":{"start":{"line":106,"column":6},"end":{"line":106,"column":23}},"34":{"start":{"line":109,"column":4},"end":{"line":120,"column":5}},"35":{"start":{"line":110,"column":6},"end":{"line":116,"column":9}},"36":{"start":{"line":115,"column":8},"end":{"line":115,"column":24}},"37":{"start":{"line":119,"column":6},"end":{"line":119,"column":23}},"38":{"start":{"line":136,"column":0},"end":{"line":186,"column":2}},"39":{"start":{"line":137,"column":2},"end":{"line":138,"column":19}},"40":{"start":{"line":140,"column":2},"end":{"line":145,"column":3}},"41":{"start":{"line":141,"column":4},"end":{"line":141,"column":29}},"42":{"start":{"line":144,"column":4},"end":{"line":144,"column":32}},"43":{"start":{"line":147,"column":2},"end":{"line":185,"column":5}},"44":{"start":{"line":148,"column":4},"end":{"line":150,"column":5}},"45":{"start":{"line":149,"column":6},"end":{"line":149,"column":23}},"46":{"start":{"line":152,"column":4},"end":{"line":160,"column":5}},"47":{"start":{"line":153,"column":6},"end":{"line":157,"column":7}},"48":{"start":{"line":154,"column":8},"end":{"line":154,"column":60}},"49":{"start":{"line":156,"column":8},"end":{"line":156,"column":63}},"50":{"start":{"line":159,"column":6},"end":{"line":159,"column":31}},"51":{"start":{"line":162,"column":4},"end":{"line":184,"column":7}},"52":{"start":{"line":166,"column":6},"end":{"line":183,"column":7}},"53":{"start":{"line":167,"column":8},"end":{"line":178,"column":11}},"54":{"start":{"line":168,"column":10},"end":{"line":170,"column":11}},"55":{"start":{"line":169,"column":12},"end":{"line":169,"column":29}},"56":{"start":{"line":172,"column":10},"end":{"line":177,"column":11}},"57":{"start":{"line":173,"column":12},"end":{"line":173,"column":64}},"58":{"start":{"line":174,"column":12},"end":{"line":174,"column":37}},"59":{"start":{"line":176,"column":12},"end":{"line":176,"column":36}},"60":{"start":{"line":181,"column":8},"end":{"line":181,"column":61}},"61":{"start":{"line":182,"column":8},"end":{"line":182,"column":33}}},"branchMap":{"1":{"line":31,"type":"if","locations":[{"start":{"line":31,"column":2},"end":{"line":31,"column":2}},{"start":{"line":31,"column":2},"end":{"line":31,"column":2}}]},"2":{"line":36,"type":"if","locations":[{"start":{"line":36,"column":2},"end":{"line":36,"column":2}},{"start":{"line":36,"column":2},"end":{"line":36,"column":2}}]},"3":{"line":41,"type":"if","locations":[{"start":{"line":41,"column":2},"end":{"line":41,"column":2}},{"start":{"line":41,"column":2},"end":{"line":41,"column":2}}]},"4":{"line":50,"type":"if","locations":[{"start":{"line":50,"column":4},"end":{"line":50,"column":4}},{"start":{"line":50,"column":4},"end":{"line":50,"column":4}}]},"5":{"line":51,"type":"if","locations":[{"start":{"line":51,"column":6},"end":{"line":51,"column":6}},{"start":{"line":51,"column":6},"end":{"line":51,"column":6}}]},"6":{"line":52,"type":"if","locations":[{"start":{"line":52,"column":8},"end":{"line":52,"column":8}},{"start":{"line":52,"column":8},"end":{"line":52,"column":8}}]},"7":{"line":71,"type":"if","locations":[{"start":{"line":71,"column":6},"end":{"line":71,"column":6}},{"start":{"line":71,"column":6},"end":{"line":71,"column":6}}]},"8":{"line":72,"type":"if","locations":[{"start":{"line":72,"column":8},"end":{"line":72,"column":8}},{"start":{"line":72,"column":8},"end":{"line":72,"column":8}}]},"9":{"line":77,"type":"binary-expr","locations":[{"start":{"line":77,"column":15},"end":{"line":77,"column":25}},{"start":{"line":77,"column":29},"end":{"line":77,"column":32}}]},"10":{"line":105,"type":"if","locations":[{"start":{"line":105,"column":4},"end":{"line":105,"column":4}},{"start":{"line":105,"column":4},"end":{"line":105,"column":4}}]},"11":{"line":109,"type":"if","locations":[{"start":{"line":109,"column":4},"end":{"line":109,"column":4}},{"start":{"line":109,"column":4},"end":{"line":109,"column":4}}]},"12":{"line":140,"type":"if","locations":[{"start":{"line":140,"column":2},"end":{"line":140,"column":2}},{"start":{"line":140,"column":2},"end":{"line":140,"column":2}}]},"13":{"line":148,"type":"if","locations":[{"start":{"line":148,"column":4},"end":{"line":148,"column":4}},{"start":{"line":148,"column":4},"end":{"line":148,"column":4}}]},"14":{"line":152,"type":"if","locations":[{"start":{"line":152,"column":4},"end":{"line":152,"column":4}},{"start":{"line":152,"column":4},"end":{"line":152,"column":4}}]},"15":{"line":153,"type":"if","locations":[{"start":{"line":153,"column":6},"end":{"line":153,"column":6}},{"start":{"line":153,"column":6},"end":{"line":153,"column":6}}]},"16":{"line":166,"type":"if","locations":[{"start":{"line":166,"column":6},"end":{"line":166,"column":6}},{"start":{"line":166,"column":6},"end":{"line":166,"column":6}}]},"17":{"line":168,"type":"if","locations":[{"start":{"line":168,"column":10},"end":{"line":168,"column":10}},{"start":{"line":168,"column":10},"end":{"line":168,"column":10}}]},"18":{"line":172,"type":"if","locations":[{"start":{"line":172,"column":10},"end":{"line":172,"column":10}},{"start":{"line":172,"column":10},"end":{"line":172,"column":10}}]}}},"E:\\NodeJs\\RewardsApplication\\familyRewards\\api\\services\\protocols\\oauth.js":{"path":"E:\\NodeJs\\RewardsApplication\\familyRewards\\api\\services\\protocols\\oauth.js","s":{"1":1,"2":0,"3":0,"4":0,"5":0},"b":{"1":[0,0]},"f":{"1":0},"fnMap":{"1":{"name":"(anonymous_1)","line":20,"loc":{"start":{"line":20,"column":17},"end":{"line":20,"column":67}}}},"statementMap":{"1":{"start":{"line":20,"column":0},"end":{"line":32,"column":2}},"2":{"start":{"line":21,"column":2},"end":{"line":25,"column":6}},"3":{"start":{"line":27,"column":2},"end":{"line":29,"column":3}},"4":{"start":{"line":28,"column":4},"end":{"line":28,"column":43}},"5":{"start":{"line":31,"column":2},"end":{"line":31,"column":46}}},"branchMap":{"1":{"line":27,"type":"if","locations":[{"start":{"line":27,"column":2},"end":{"line":27,"column":2}},{"start":{"line":27,"column":2},"end":{"line":27,"column":2}}]}}},"E:\\NodeJs\\RewardsApplication\\familyRewards\\api\\services\\protocols\\oauth2.js":{"path":"E:\\NodeJs\\RewardsApplication\\familyRewards\\api\\services\\protocols\\oauth2.js","s":{"1":1,"2":0,"3":0,"4":0,"5":0},"b":{"1":[0,0]},"f":{"1":0},"fnMap":{"1":{"name":"(anonymous_1)","line":21,"loc":{"start":{"line":21,"column":17},"end":{"line":21,"column":74}}}},"statementMap":{"1":{"start":{"line":21,"column":0},"end":{"line":33,"column":2}},"2":{"start":{"line":22,"column":2},"end":{"line":26,"column":6}},"3":{"start":{"line":28,"column":2},"end":{"line":30,"column":3}},"4":{"start":{"line":29,"column":4},"end":{"line":29,"column":45}},"5":{"start":{"line":32,"column":2},"end":{"line":32,"column":46}}},"branchMap":{"1":{"line":28,"type":"if","locations":[{"start":{"line":28,"column":2},"end":{"line":28,"column":2}},{"start":{"line":28,"column":2},"end":{"line":28,"column":2}}]}}},"E:\\NodeJs\\RewardsApplication\\familyRewards\\api\\services\\protocols\\openid.js":{"path":"E:\\NodeJs\\RewardsApplication\\familyRewards\\api\\services\\protocols\\openid.js","s":{"1":1,"2":0,"3":0},"b":{},"f":{"1":0},"fnMap":{"1":{"name":"(anonymous_1)","line":18,"loc":{"start":{"line":18,"column":17},"end":{"line":18,"column":59}}}},"statementMap":{"1":{"start":{"line":18,"column":0},"end":{"line":25,"column":2}},"2":{"start":{"line":19,"column":2},"end":{"line":22,"column":4}},"3":{"start":{"line":24,"column":2},"end":{"line":24,"column":46}}},"branchMap":{}},"E:\\NodeJs\\RewardsApplication\\familyRewards\\api\\services\\protocols\\bearer.js":{"path":"E:\\NodeJs\\RewardsApplication\\familyRewards\\api\\services\\protocols\\bearer.js","s":{"1":1,"2":0,"3":0,"4":0,"5":0,"6":0,"7":0,"8":0,"9":0,"10":0,"11":0,"12":0},"b":{"1":[0,0],"2":[0,0],"3":[0,0],"4":[0,0]},"f":{"1":0,"2":0,"3":0},"fnMap":{"1":{"name":"(anonymous_1)","line":11,"loc":{"start":{"line":11,"column":20},"end":{"line":11,"column":42}}},"2":{"name":"(anonymous_2)","line":13,"loc":{"start":{"line":13,"column":43},"end":{"line":13,"column":67}}},"3":{"name":"(anonymous_3)","line":16,"loc":{"start":{"line":16,"column":36},"end":{"line":16,"column":56}}}},"statementMap":{"1":{"start":{"line":11,"column":0},"end":{"line":23,"column":2}},"2":{"start":{"line":13,"column":2},"end":{"line":21,"column":5}},"3":{"start":{"line":14,"column":4},"end":{"line":14,"column":34}},"4":{"start":{"line":14,"column":15},"end":{"line":14,"column":32}},"5":{"start":{"line":15,"column":4},"end":{"line":15,"column":48}},"6":{"start":{"line":15,"column":21},"end":{"line":15,"column":46}},"7":{"start":{"line":16,"column":4},"end":{"line":20,"column":7}},"8":{"start":{"line":17,"column":6},"end":{"line":17,"column":36}},"9":{"start":{"line":17,"column":17},"end":{"line":17,"column":34}},"10":{"start":{"line":18,"column":6},"end":{"line":18,"column":46}},"11":{"start":{"line":18,"column":19},"end":{"line":18,"column":44}},"12":{"start":{"line":19,"column":6},"end":{"line":19,"column":48}}},"branchMap":{"1":{"line":14,"type":"if","locations":[{"start":{"line":14,"column":4},"end":{"line":14,"column":4}},{"start":{"line":14,"column":4},"end":{"line":14,"column":4}}]},"2":{"line":15,"type":"if","locations":[{"start":{"line":15,"column":4},"end":{"line":15,"column":4}},{"start":{"line":15,"column":4},"end":{"line":15,"column":4}}]},"3":{"line":17,"type":"if","locations":[{"start":{"line":17,"column":6},"end":{"line":17,"column":6}},{"start":{"line":17,"column":6},"end":{"line":17,"column":6}}]},"4":{"line":18,"type":"if","locations":[{"start":{"line":18,"column":6},"end":{"line":18,"column":6}},{"start":{"line":18,"column":6},"end":{"line":18,"column":6}}]}}},"E:\\NodeJs\\RewardsApplication\\familyRewards\\api\\services\\protocols\\cas.js":{"path":"E:\\NodeJs\\RewardsApplication\\familyRewards\\api\\services\\protocols\\cas.js","s":{"1":1,"2":0,"3":0},"b":{},"f":{"1":0},"fnMap":{"1":{"name":"(anonymous_1)","line":11,"loc":{"start":{"line":11,"column":17},"end":{"line":11,"column":50}}}},"statementMap":{"1":{"start":{"line":11,"column":0},"end":{"line":18,"column":2}},"2":{"start":{"line":12,"column":2},"end":{"line":15,"column":4}},"3":{"start":{"line":17,"column":2},"end":{"line":17,"column":61}}},"branchMap":{}},"E:\\NodeJs\\RewardsApplication\\familyRewards\\api\\models\\Card.js":{"path":"E:\\NodeJs\\RewardsApplication\\familyRewards\\api\\models\\Card.js","s":{"1":1},"b":{},"f":{},"fnMap":{},"statementMap":{"1":{"start":{"line":8,"column":0},"end":{"line":14,"column":2}}},"branchMap":{}},"E:\\NodeJs\\RewardsApplication\\familyRewards\\api\\models\\Comment.js":{"path":"E:\\NodeJs\\RewardsApplication\\familyRewards\\api\\models\\Comment.js","s":{"1":1},"b":{},"f":{},"fnMap":{},"statementMap":{"1":{"start":{"line":8,"column":0},"end":{"line":14,"column":2}}},"branchMap":{}},"E:\\NodeJs\\RewardsApplication\\familyRewards\\api\\models\\Passport.js":{"path":"E:\\NodeJs\\RewardsApplication\\familyRewards\\api\\models\\Passport.js","s":{"1":1,"2":1,"3":0,"4":0,"5":0,"6":0,"7":0,"8":1,"9":0,"10":0,"11":0,"12":1},"b":{"1":[0,0]},"f":{"1":0,"2":0,"3":0,"4":0,"5":0},"fnMap":{"1":{"name":"hashPassword","line":9,"loc":{"start":{"line":9,"column":0},"end":{"line":9,"column":39}}},"2":{"name":"(anonymous_2)","line":11,"loc":{"start":{"line":11,"column":39},"end":{"line":11,"column":60}}},"3":{"name":"(anonymous_3)","line":84,"loc":{"start":{"line":84,"column":22},"end":{"line":84,"column":48}}},"4":{"name":"(anonymous_4)","line":96,"loc":{"start":{"line":96,"column":16},"end":{"line":96,"column":42}}},"5":{"name":"(anonymous_5)","line":106,"loc":{"start":{"line":106,"column":16},"end":{"line":106,"column":42}}}},"statementMap":{"1":{"start":{"line":1,"column":0},"end":{"line":1,"column":33}},"2":{"start":{"line":9,"column":0},"end":{"line":18,"column":1}},"3":{"start":{"line":10,"column":2},"end":{"line":17,"column":3}},"4":{"start":{"line":11,"column":4},"end":{"line":14,"column":7}},"5":{"start":{"line":12,"column":6},"end":{"line":12,"column":31}},"6":{"start":{"line":13,"column":6},"end":{"line":13,"column":26}},"7":{"start":{"line":16,"column":4},"end":{"line":16,"column":25}},"8":{"start":{"line":34,"column":0},"end":{"line":109,"column":2}},"9":{"start":{"line":85,"column":6},"end":{"line":85,"column":52}},"10":{"start":{"line":97,"column":4},"end":{"line":97,"column":33}},"11":{"start":{"line":107,"column":4},"end":{"line":107,"column":33}},"12":{"start":{"line":111,"column":0},"end":{"line":111,"column":26}}},"branchMap":{"1":{"line":10,"type":"if","locations":[{"start":{"line":10,"column":2},"end":{"line":10,"column":2}},{"start":{"line":10,"column":2},"end":{"line":10,"column":2}}]}}},"E:\\NodeJs\\RewardsApplication\\familyRewards\\api\\models\\Task.js":{"path":"E:\\NodeJs\\RewardsApplication\\familyRewards\\api\\models\\Task.js","s":{"1":1},"b":{},"f":{},"fnMap":{},"statementMap":{"1":{"start":{"line":8,"column":0},"end":{"line":13,"column":2}}},"branchMap":{}},"E:\\NodeJs\\RewardsApplication\\familyRewards\\api\\models\\User.js":{"path":"E:\\NodeJs\\RewardsApplication\\familyRewards\\api\\models\\User.js","s":{"1":1,"2":1},"b":{},"f":{},"fnMap":{},"statementMap":{"1":{"start":{"line":1,"column":0},"end":{"line":16,"column":2}},"2":{"start":{"line":18,"column":0},"end":{"line":18,"column":22}}},"branchMap":{}},"E:\\NodeJs\\RewardsApplication\\familyRewards\\api\\controllers\\AuthController.js":{"path":"E:\\NodeJs\\RewardsApplication\\familyRewards\\api\\controllers\\AuthController.js","s":{"1":1,"2":0,"3":0,"4":0,"5":0,"6":0,"7":0,"8":0,"9":0,"10":0,"11":0,"12":0,"13":1,"14":0,"15":0,"16":0,"17":0,"18":0,"19":0,"20":0,"21":0,"22":0,"23":0,"24":0,"25":0,"26":0,"27":0,"28":0,"29":0,"30":0,"31":0,"32":0,"33":0,"34":0,"35":0,"36":1},"b":{"1":[0,0],"2":[0,0],"3":[0,0],"4":[0,0],"5":[0,0,0],"6":[0,0],"7":[0,0],"8":[0,0]},"f":{"1":0,"2":0,"3":0,"4":0,"5":0,"6":0,"7":0,"8":0,"9":0,"10":0},"fnMap":{"1":{"name":"(anonymous_1)","line":33,"loc":{"start":{"line":33,"column":9},"end":{"line":33,"column":29}}},"2":{"name":"(anonymous_2)","line":38,"loc":{"start":{"line":38,"column":36},"end":{"line":38,"column":51}}},"3":{"name":"(anonymous_3)","line":70,"loc":{"start":{"line":70,"column":10},"end":{"line":70,"column":30}}},"4":{"name":"(anonymous_4)","line":94,"loc":{"start":{"line":94,"column":12},"end":{"line":94,"column":32}}},"5":{"name":"(anonymous_5)","line":106,"loc":{"start":{"line":106,"column":12},"end":{"line":106,"column":32}}},"6":{"name":"(anonymous_6)","line":126,"loc":{"start":{"line":126,"column":12},"end":{"line":126,"column":32}}},"7":{"name":"tryAgain","line":127,"loc":{"start":{"line":127,"column":4},"end":{"line":127,"column":28}}},"8":{"name":"(anonymous_8)","line":158,"loc":{"start":{"line":158,"column":32},"end":{"line":158,"column":75}}},"9":{"name":"(anonymous_9)","line":163,"loc":{"start":{"line":163,"column":22},"end":{"line":163,"column":37}}},"10":{"name":"(anonymous_10)","line":184,"loc":{"start":{"line":184,"column":14},"end":{"line":184,"column":34}}}},"statementMap":{"1":{"start":{"line":8,"column":0},"end":{"line":187,"column":2}},"2":{"start":{"line":34,"column":4},"end":{"line":35,"column":24}},"3":{"start":{"line":38,"column":4},"end":{"line":47,"column":7}},"4":{"start":{"line":39,"column":6},"end":{"line":41,"column":7}},"5":{"start":{"line":40,"column":8},"end":{"line":40,"column":15}},"6":{"start":{"line":43,"column":6},"end":{"line":46,"column":8}},"7":{"start":{"line":50,"column":4},"end":{"line":53,"column":7}},"8":{"start":{"line":71,"column":4},"end":{"line":71,"column":17}},"9":{"start":{"line":74,"column":4},"end":{"line":74,"column":38}},"10":{"start":{"line":76,"column":4},"end":{"line":76,"column":22}},"11":{"start":{"line":95,"column":4},"end":{"line":97,"column":7}},"12":{"start":{"line":107,"column":4},"end":{"line":107,"column":32}},"13":{"start":{"line":127,"column":4},"end":{"line":156,"column":5}},"14":{"start":{"line":132,"column":6},"end":{"line":132,"column":45}},"15":{"start":{"line":134,"column":6},"end":{"line":138,"column":7}},"16":{"start":{"line":135,"column":8},"end":{"line":135,"column":53}},"17":{"start":{"line":136,"column":13},"end":{"line":138,"column":7}},"18":{"start":{"line":137,"column":8},"end":{"line":137,"column":39}},"19":{"start":{"line":139,"column":6},"end":{"line":139,"column":34}},"20":{"start":{"line":144,"column":6},"end":{"line":144,"column":39}},"21":{"start":{"line":146,"column":6},"end":{"line":155,"column":7}},"22":{"start":{"line":148,"column":10},"end":{"line":148,"column":36}},"23":{"start":{"line":149,"column":10},"end":{"line":149,"column":16}},"24":{"start":{"line":151,"column":10},"end":{"line":151,"column":31}},"25":{"start":{"line":152,"column":10},"end":{"line":152,"column":16}},"26":{"start":{"line":154,"column":10},"end":{"line":154,"column":33}},"27":{"start":{"line":158,"column":4},"end":{"line":175,"column":7}},"28":{"start":{"line":159,"column":6},"end":{"line":161,"column":7}},"29":{"start":{"line":160,"column":8},"end":{"line":160,"column":36}},"30":{"start":{"line":163,"column":6},"end":{"line":174,"column":9}},"31":{"start":{"line":164,"column":8},"end":{"line":166,"column":9}},"32":{"start":{"line":165,"column":10},"end":{"line":165,"column":31}},"33":{"start":{"line":169,"column":8},"end":{"line":169,"column":40}},"34":{"start":{"line":173,"column":8},"end":{"line":173,"column":35}},"35":{"start":{"line":185,"column":4},"end":{"line":185,"column":34}},"36":{"start":{"line":189,"column":0},"end":{"line":189,"column":32}}},"branchMap":{"1":{"line":39,"type":"if","locations":[{"start":{"line":39,"column":6},"end":{"line":39,"column":6}},{"start":{"line":39,"column":6},"end":{"line":39,"column":6}}]},"2":{"line":134,"type":"if","locations":[{"start":{"line":134,"column":6},"end":{"line":134,"column":6}},{"start":{"line":134,"column":6},"end":{"line":134,"column":6}}]},"3":{"line":134,"type":"binary-expr","locations":[{"start":{"line":134,"column":10},"end":{"line":134,"column":13}},{"start":{"line":134,"column":17},"end":{"line":134,"column":28}}]},"4":{"line":136,"type":"if","locations":[{"start":{"line":136,"column":13},"end":{"line":136,"column":13}},{"start":{"line":136,"column":13},"end":{"line":136,"column":13}}]},"5":{"line":146,"type":"switch","locations":[{"start":{"line":147,"column":8},"end":{"line":149,"column":16}},{"start":{"line":150,"column":8},"end":{"line":152,"column":16}},{"start":{"line":153,"column":8},"end":{"line":154,"column":33}}]},"6":{"line":159,"type":"if","locations":[{"start":{"line":159,"column":6},"end":{"line":159,"column":6}},{"start":{"line":159,"column":6},"end":{"line":159,"column":6}}]},"7":{"line":159,"type":"binary-expr","locations":[{"start":{"line":159,"column":10},"end":{"line":159,"column":13}},{"start":{"line":159,"column":17},"end":{"line":159,"column":22}}]},"8":{"line":164,"type":"if","locations":[{"start":{"line":164,"column":8},"end":{"line":164,"column":8}},{"start":{"line":164,"column":8},"end":{"line":164,"column":8}}]}}},"E:\\NodeJs\\RewardsApplication\\familyRewards\\api\\controllers\\CardController.js":{"path":"E:\\NodeJs\\RewardsApplication\\familyRewards\\api\\controllers\\CardController.js","s":{"1":1},"b":{},"f":{},"fnMap":{},"statementMap":{"1":{"start":{"line":8,"column":0},"end":{"line":10,"column":2}}},"branchMap":{}},"E:\\NodeJs\\RewardsApplication\\familyRewards\\api\\controllers\\CommentController.js":{"path":"E:\\NodeJs\\RewardsApplication\\familyRewards\\api\\controllers\\CommentController.js","s":{"1":1},"b":{},"f":{},"fnMap":{},"statementMap":{"1":{"start":{"line":8,"column":0},"end":{"line":10,"column":2}}},"branchMap":{}},"E:\\NodeJs\\RewardsApplication\\familyRewards\\api\\controllers\\DashboardController.js":{"path":"E:\\NodeJs\\RewardsApplication\\familyRewards\\api\\controllers\\DashboardController.js","s":{"1":1,"2":0},"b":{},"f":{"1":0},"fnMap":{"1":{"name":"(anonymous_1)","line":2,"loc":{"start":{"line":2,"column":11},"end":{"line":2,"column":30}}}},"statementMap":{"1":{"start":{"line":1,"column":0},"end":{"line":5,"column":1}},"2":{"start":{"line":3,"column":8},"end":{"line":3,"column":48}}},"branchMap":{}},"E:\\NodeJs\\RewardsApplication\\familyRewards\\api\\controllers\\TaskController.js":{"path":"E:\\NodeJs\\RewardsApplication\\familyRewards\\api\\controllers\\TaskController.js","s":{"1":1},"b":{},"f":{},"fnMap":{},"statementMap":{"1":{"start":{"line":8,"column":0},"end":{"line":10,"column":2}}},"branchMap":{}},"E:\\NodeJs\\RewardsApplication\\familyRewards\\api\\controllers\\UserController.js":{"path":"E:\\NodeJs\\RewardsApplication\\familyRewards\\api\\controllers\\UserController.js","s":{"1":1,"2":2,"3":2,"4":2},"b":{},"f":{"1":2,"2":2},"fnMap":{"1":{"name":"(anonymous_1)","line":14,"loc":{"start":{"line":14,"column":13},"end":{"line":14,"column":33}}},"2":{"name":"(anonymous_2)","line":16,"loc":{"start":{"line":16,"column":68},"end":{"line":16,"column":88}}}},"statementMap":{"1":{"start":{"line":1,"column":0},"end":{"line":20,"column":1}},"2":{"start":{"line":15,"column":8},"end":{"line":15,"column":50}},"3":{"start":{"line":16,"column":8},"end":{"line":18,"column":11}},"4":{"start":{"line":17,"column":12},"end":{"line":17,"column":27}}},"branchMap":{}},"E:\\NodeJs\\RewardsApplication\\familyRewards\\api\\policies\\bearerAuth.js":{"path":"E:\\NodeJs\\RewardsApplication\\familyRewards\\api\\policies\\bearerAuth.js","s":{"1":1,"2":0},"b":{},"f":{"1":0},"fnMap":{"1":{"name":"(anonymous_1)","line":15,"loc":{"start":{"line":15,"column":17},"end":{"line":15,"column":43}}}},"statementMap":{"1":{"start":{"line":15,"column":0},"end":{"line":19,"column":2}},"2":{"start":{"line":17,"column":2},"end":{"line":17,"column":77}}},"branchMap":{}},"E:\\NodeJs\\RewardsApplication\\familyRewards\\api\\policies\\passport.js":{"path":"E:\\NodeJs\\RewardsApplication\\familyRewards\\api\\policies\\passport.js","s":{"1":1,"2":2,"3":2,"4":2,"5":2},"b":{},"f":{"1":2,"2":2,"3":2},"fnMap":{"1":{"name":"(anonymous_1)","line":24,"loc":{"start":{"line":24,"column":17},"end":{"line":24,"column":43}}},"2":{"name":"(anonymous_2)","line":26,"loc":{"start":{"line":26,"column":34},"end":{"line":26,"column":46}}},"3":{"name":"(anonymous_3)","line":28,"loc":{"start":{"line":28,"column":33},"end":{"line":28,"column":45}}}},"statementMap":{"1":{"start":{"line":24,"column":0},"end":{"line":35,"column":2}},"2":{"start":{"line":26,"column":2},"end":{"line":34,"column":5}},"3":{"start":{"line":28,"column":4},"end":{"line":33,"column":7}},"4":{"start":{"line":30,"column":6},"end":{"line":30,"column":33}},"5":{"start":{"line":32,"column":6},"end":{"line":32,"column":13}}},"branchMap":{}},"E:\\NodeJs\\RewardsApplication\\familyRewards\\api\\policies\\sessionAuth.js":{"path":"E:\\NodeJs\\RewardsApplication\\familyRewards\\api\\policies\\sessionAuth.js","s":{"1":1,"2":0,"3":0,"4":0},"b":{"1":[0,0]},"f":{"1":0},"fnMap":{"1":{"name":"(anonymous_1)","line":10,"loc":{"start":{"line":10,"column":17},"end":{"line":10,"column":42}}}},"statementMap":{"1":{"start":{"line":10,"column":0},"end":{"line":22,"column":2}},"2":{"start":{"line":14,"column":2},"end":{"line":16,"column":3}},"3":{"start":{"line":15,"column":4},"end":{"line":15,"column":18}},"4":{"start":{"line":18,"column":0},"end":{"line":18,"column":23}}},"branchMap":{"1":{"line":14,"type":"if","locations":[{"start":{"line":14,"column":2},"end":{"line":14,"column":2}},{"start":{"line":14,"column":2},"end":{"line":14,"column":2}}]}}}}