TN:
SF:E:\NodeJs\RewardsApplication\familyRewards\api\responses\badRequest.js
FN:18,badRequest
FN:59,couldNotGuessView
FNF:2
FNH:0
FNDA:0,badRequest
FNDA:0,couldNotGuessView
DA:18,1
DA:21,0
DA:22,0
DA:23,0
DA:26,0
DA:29,0
DA:30,0
DA:32,0
DA:37,0
DA:38,0
DA:42,0
DA:43,0
DA:48,0
DA:53,0
DA:54,0
DA:59,0
DA:60,0
LF:17
LH:1
BRDA:29,1,0,0
BRDA:29,1,1,0
BRDA:37,2,0,0
BRDA:37,2,1,0
BRDA:42,3,0,0
BRDA:42,3,1,0
BRDA:48,4,0,0
BRDA:48,4,1,0
BRDA:48,5,0,0
BRDA:48,5,1,0
BRDA:53,6,0,0
BRDA:53,6,1,0
BRF:12
BRH:0
end_of_record
TN:
SF:E:\NodeJs\RewardsApplication\familyRewards\api\responses\forbidden.js
FN:15,forbidden
FN:56,(anonymous_2)
FNF:2
FNH:0
FNDA:0,forbidden
FNDA:0,(anonymous_2)
DA:15,1
DA:18,0
DA:19,0
DA:20,0
DA:23,0
DA:26,0
DA:27,0
DA:29,0
DA:34,0
DA:35,0
DA:39,0
DA:40,0
DA:45,0
DA:50,0
DA:51,0
DA:56,0
DA:59,0
DA:63,0
DA:64,0
DA:68,0
DA:70,0
DA:73,0
LF:22
LH:1
BRDA:26,1,0,0
BRDA:26,1,1,0
BRDA:34,2,0,0
BRDA:34,2,1,0
BRDA:39,3,0,0
BRDA:39,3,1,0
BRDA:45,4,0,0
BRDA:45,4,1,0
BRDA:45,5,0,0
BRDA:45,5,1,0
BRDA:50,6,0,0
BRDA:50,6,1,0
BRDA:59,7,0,0
BRDA:59,7,1,0
BRDA:63,8,0,0
BRDA:63,8,1,0
BRF:16
BRH:0
end_of_record
TN:
SF:E:\NodeJs\RewardsApplication\familyRewards\api\responses\notFound.js
FN:20,notFound
FN:61,(anonymous_2)
FNF:2
FNH:0
FNDA:0,notFound
FNDA:0,(anonymous_2)
DA:20,1
DA:23,0
DA:24,0
DA:25,0
DA:28,0
DA:31,0
DA:32,0
DA:34,0
DA:39,0
DA:40,0
DA:44,0
DA:45,0
DA:50,0
DA:55,0
DA:56,0
DA:61,0
DA:64,0
DA:68,0
DA:69,0
DA:73,0
DA:75,0
DA:78,0
LF:22
LH:1
BRDA:31,1,0,0
BRDA:31,1,1,0
BRDA:39,2,0,0
BRDA:39,2,1,0
BRDA:44,3,0,0
BRDA:44,3,1,0
BRDA:50,4,0,0
BRDA:50,4,1,0
BRDA:50,5,0,0
BRDA:50,5,1,0
BRDA:55,6,0,0
BRDA:55,6,1,0
BRDA:64,7,0,0
BRDA:64,7,1,0
BRDA:68,8,0,0
BRDA:68,8,1,0
BRF:16
BRH:0
end_of_record
TN:
SF:E:\NodeJs\RewardsApplication\familyRewards\api\responses\ok.js
FN:14,sendOK
FN:44,couldNotGuessView
FNF:2
FNH:0
FNDA:0,sendOK
FNDA:0,couldNotGuessView
DA:14,1
DA:17,0
DA:18,0
DA:19,0
DA:21,0
DA:24,0
DA:27,0
DA:28,0
DA:33,0
DA:38,0
DA:39,0
DA:44,0
DA:45,0
LF:13
LH:1
BRDA:27,1,0,0
BRDA:27,1,1,0
BRDA:33,2,0,0
BRDA:33,2,1,0
BRDA:33,3,0,0
BRDA:33,3,1,0
BRDA:38,4,0,0
BRDA:38,4,1,0
BRF:8
BRH:0
end_of_record
TN:
SF:E:\NodeJs\RewardsApplication\familyRewards\api\responses\serverError.js
FN:15,serverError
FN:56,(anonymous_2)
FNF:2
FNH:0
FNDA:0,serverError
FNDA:0,(anonymous_2)
DA:15,1
DA:18,0
DA:19,0
DA:20,0
DA:23,0
DA:26,0
DA:27,0
DA:29,0
DA:34,0
DA:35,0
DA:39,0
DA:40,0
DA:45,0
DA:50,0
DA:51,0
DA:56,0
DA:59,0
DA:63,0
DA:64,0
DA:68,0
DA:70,0
DA:73,0
LF:22
LH:1
BRDA:26,1,0,0
BRDA:26,1,1,0
BRDA:34,2,0,0
BRDA:34,2,1,0
BRDA:39,3,0,0
BRDA:39,3,1,0
BRDA:45,4,0,0
BRDA:45,4,1,0
BRDA:45,5,0,0
BRDA:45,5,1,0
BRDA:50,6,0,0
BRDA:50,6,1,0
BRDA:59,7,0,0
BRDA:59,7,1,0
BRDA:63,8,0,0
BRDA:63,8,1,0
BRF:16
BRH:0
end_of_record
TN:
SF:E:\NodeJs\RewardsApplication\familyRewards\api\services\passport.js
FN:65,(anonymous_1)
FN:102,(anonymous_2)
FN:112,(anonymous_3)
FN:128,(anonymous_4)
FN:148,(anonymous_5)
FN:164,(anonymous_6)
FN:191,(anonymous_7)
FN:223,(anonymous_8)
FN:277,(anonymous_9)
FN:281,(anonymous_10)
FN:346,(anonymous_11)
FN:354,(anonymous_12)
FN:359,(anonymous_13)
FN:369,(anonymous_14)
FN:373,(anonymous_15)
FNF:15
FNH:2
FNDA:0,(anonymous_1)
FNDA:0,(anonymous_2)
FNDA:0,(anonymous_3)
FNDA:0,(anonymous_4)
FNDA:0,(anonymous_5)
FNDA:0,(anonymous_6)
FNDA:0,(anonymous_7)
FNDA:0,(anonymous_8)
FNDA:1,(anonymous_9)
FNDA:1,(anonymous_10)
FNDA:0,(anonymous_11)
FNDA:0,(anonymous_12)
FNDA:0,(anonymous_13)
FNDA:0,(anonymous_14)
FNDA:0,(anonymous_15)
DA:1,1
DA:30,1
DA:65,1
DA:66,0
DA:70,0
DA:74,0
DA:78,0
DA:79,0
DA:84,0
DA:85,0
DA:88,0
DA:89,0
DA:95,0
DA:96,0
DA:99,0
DA:103,0
DA:104,0
DA:107,0
DA:111,0
DA:112,0
DA:113,0
DA:114,0
DA:115,0
DA:116,0
DA:119,0
DA:123,0
DA:126,0
DA:128,0
DA:130,0
DA:131,0
DA:134,0
DA:143,0
DA:144,0
DA:148,0
DA:149,0
DA:150,0
DA:154,0
DA:161,0
DA:162,0
DA:164,0
DA:166,0
DA:167,0
DA:170,0
DA:176,0
DA:191,1
DA:192,0
DA:198,0
DA:199,0
DA:203,0
DA:204,0
DA:210,0
DA:223,1
DA:224,0
DA:229,0
DA:230,0
DA:231,0
DA:233,0
DA:234,0
DA:236,0
DA:237,0
DA:240,0
DA:243,0
DA:244,0
DA:250,0
DA:277,1
DA:278,1
DA:281,1
DA:282,1
DA:284,1
DA:287,1
DA:290,1
DA:293,1
DA:294,1
DA:296,1
DA:298,0
DA:300,0
DA:301,0
DA:302,0
DA:306,0
DA:309,0
DA:310,0
DA:313,0
DA:315,0
DA:317,0
DA:320,0
DA:321,0
DA:324,0
DA:325,0
DA:326,0
DA:327,0
DA:333,0
DA:335,0
DA:346,1
DA:347,0
DA:351,0
DA:352,0
DA:354,0
DA:355,0
DA:356,0
DA:359,0
DA:360,0
DA:361,0
DA:364,0
DA:369,1
DA:370,0
DA:373,1
DA:374,0
DA:377,1
LF:108
LH:19
BRDA:74,1,0,0
BRDA:74,1,1,0
BRDA:78,2,0,0
BRDA:78,2,1,0
BRDA:84,3,0,0
BRDA:84,3,1,0
BRDA:88,4,0,0
BRDA:88,4,1,0
BRDA:95,5,0,0
BRDA:95,5,1,0
BRDA:95,6,0,0
BRDA:95,6,1,0
BRDA:103,7,0,0
BRDA:103,7,1,0
BRDA:107,8,0,0
BRDA:107,8,1,0
BRDA:111,9,0,0
BRDA:111,9,1,0
BRDA:113,10,0,0
BRDA:113,10,1,0
BRDA:114,11,0,0
BRDA:114,11,1,0
BRDA:115,12,0,0
BRDA:115,12,1,0
BRDA:130,13,0,0
BRDA:130,13,1,0
BRDA:143,14,0,0
BRDA:143,14,1,0
BRDA:143,15,0,0
BRDA:143,15,1,0
BRDA:149,16,0,0
BRDA:149,16,1,0
BRDA:161,17,0,0
BRDA:161,17,1,0
BRDA:166,18,0,0
BRDA:166,18,1,0
BRDA:198,19,0,0
BRDA:198,19,1,0
BRDA:203,20,0,0
BRDA:203,20,1,0
BRDA:229,21,0,0
BRDA:229,21,1,0
BRDA:229,22,0,0
BRDA:229,22,1,0
BRDA:230,23,0,0
BRDA:230,23,1,0
BRDA:230,24,0,0
BRDA:230,24,1,0
BRDA:233,25,0,0
BRDA:233,25,1,0
BRDA:233,26,0,0
BRDA:233,26,1,0
BRDA:236,27,0,0
BRDA:236,27,1,0
BRDA:236,28,0,0
BRDA:236,28,1,0
BRDA:243,29,0,0
BRDA:243,29,1,0
BRDA:243,30,0,0
BRDA:243,30,1,0
BRDA:284,31,0,1
BRDA:284,31,1,0
BRDA:290,32,0,1
BRDA:290,32,1,1
BRDA:293,33,0,1
BRDA:293,33,1,0
BRDA:298,34,0,0
BRDA:298,34,1,0
BRDA:300,35,0,0
BRDA:300,35,1,0
BRDA:309,36,0,0
BRDA:309,36,1,0
BRDA:317,37,0,0
BRDA:317,37,1,0
BRDA:317,37,2,0
BRDA:352,38,0,0
BRDA:352,38,1,0
BRDA:355,39,0,0
BRDA:355,39,1,0
BRDA:360,40,0,0
BRDA:360,40,1,0
BRF:81
BRH:4
end_of_record
TN:
SF:E:\NodeJs\RewardsApplication\familyRewards\api\services\protocols\index.js
FNF:0
FNH:0
DA:14,1
LF:1
LH:1
BRF:0
BRH:0
end_of_record
TN:
SF:E:\NodeJs\RewardsApplication\familyRewards\api\services\protocols\local.js
FN:26,(anonymous_1)
FN:49,(anonymous_2)
FN:70,(anonymous_3)
FN:76,(anonymous_4)
FN:97,(anonymous_5)
FN:104,(anonymous_6)
FN:114,(anonymous_7)
FN:136,(anonymous_8)
FN:147,(anonymous_9)
FN:165,(anonymous_10)
FN:167,(anonymous_11)
FNF:11
FNH:0
FNDA:0,(anonymous_1)
FNDA:0,(anonymous_2)
FNDA:0,(anonymous_3)
FNDA:0,(anonymous_4)
FNDA:0,(anonymous_5)
FNDA:0,(anonymous_6)
FNDA:0,(anonymous_7)
FNDA:0,(anonymous_8)
FNDA:0,(anonymous_9)
FNDA:0,(anonymous_10)
FNDA:0,(anonymous_11)
DA:1,1
DA:2,1
DA:26,1
DA:27,0
DA:31,0
DA:32,0
DA:33,0
DA:36,0
DA:37,0
DA:38,0
DA:41,0
DA:42,0
DA:43,0
DA:46,0
DA:50,0
DA:51,0
DA:52,0
DA:53,0
DA:55,0
DA:59,0
DA:63,0
DA:65,0
DA:71,0
DA:72,0
DA:73,0
DA:76,0
DA:77,0
DA:81,0
DA:97,1
DA:98,0
DA:101,0
DA:105,0
DA:106,0
DA:109,0
DA:110,0
DA:115,0
DA:119,0
DA:136,1
DA:137,0
DA:140,0
DA:141,0
DA:144,0
DA:147,0
DA:148,0
DA:149,0
DA:152,0
DA:153,0
DA:154,0
DA:156,0
DA:159,0
DA:162,0
DA:166,0
DA:167,0
DA:168,0
DA:169,0
DA:172,0
DA:173,0
DA:174,0
DA:176,0
DA:181,0
DA:182,0
LF:61
LH:5
BRDA:31,1,0,0
BRDA:31,1,1,0
BRDA:36,2,0,0
BRDA:36,2,1,0
BRDA:41,3,0,0
BRDA:41,3,1,0
BRDA:50,4,0,0
BRDA:50,4,1,0
BRDA:51,5,0,0
BRDA:51,5,1,0
BRDA:52,6,0,0
BRDA:52,6,1,0
BRDA:71,7,0,0
BRDA:71,7,1,0
BRDA:72,8,0,0
BRDA:72,8,1,0
BRDA:77,9,0,0
BRDA:77,9,1,0
BRDA:105,10,0,0
BRDA:105,10,1,0
BRDA:109,11,0,0
BRDA:109,11,1,0
BRDA:140,12,0,0
BRDA:140,12,1,0
BRDA:148,13,0,0
BRDA:148,13,1,0
BRDA:152,14,0,0
BRDA:152,14,1,0
BRDA:153,15,0,0
BRDA:153,15,1,0
BRDA:166,16,0,0
BRDA:166,16,1,0
BRDA:168,17,0,0
BRDA:168,17,1,0
BRDA:172,18,0,0
BRDA:172,18,1,0
BRF:36
BRH:0
end_of_record
TN:
SF:E:\NodeJs\RewardsApplication\familyRewards\api\services\protocols\oauth.js
FN:20,(anonymous_1)
FNF:1
FNH:0
FNDA:0,(anonymous_1)
DA:20,1
DA:21,0
DA:27,0
DA:28,0
DA:31,0
LF:5
LH:1
BRDA:27,1,0,0
BRDA:27,1,1,0
BRF:2
BRH:0
end_of_record
TN:
SF:E:\NodeJs\RewardsApplication\familyRewards\api\services\protocols\oauth2.js
FN:21,(anonymous_1)
FNF:1
FNH:0
FNDA:0,(anonymous_1)
DA:21,1
DA:22,0
DA:28,0
DA:29,0
DA:32,0
LF:5
LH:1
BRDA:28,1,0,0
BRDA:28,1,1,0
BRF:2
BRH:0
end_of_record
TN:
SF:E:\NodeJs\RewardsApplication\familyRewards\api\services\protocols\openid.js
FN:18,(anonymous_1)
FNF:1
FNH:0
FNDA:0,(anonymous_1)
DA:18,1
DA:19,0
DA:24,0
LF:3
LH:1
BRF:0
BRH:0
end_of_record
TN:
SF:E:\NodeJs\RewardsApplication\familyRewards\api\services\protocols\bearer.js
FN:11,(anonymous_1)
FN:13,(anonymous_2)
FN:16,(anonymous_3)
FNF:3
FNH:0
FNDA:0,(anonymous_1)
FNDA:0,(anonymous_2)
FNDA:0,(anonymous_3)
DA:11,1
DA:13,0
DA:14,0
DA:15,0
DA:16,0
DA:17,0
DA:18,0
DA:19,0
LF:8
LH:1
BRDA:14,1,0,0
BRDA:14,1,1,0
BRDA:15,2,0,0
BRDA:15,2,1,0
BRDA:17,3,0,0
BRDA:17,3,1,0
BRDA:18,4,0,0
BRDA:18,4,1,0
BRF:8
BRH:0
end_of_record
TN:
SF:E:\NodeJs\RewardsApplication\familyRewards\api\services\protocols\cas.js
FN:11,(anonymous_1)
FNF:1
FNH:0
FNDA:0,(anonymous_1)
DA:11,1
DA:12,0
DA:17,0
LF:3
LH:1
BRF:0
BRH:0
end_of_record
TN:
SF:E:\NodeJs\RewardsApplication\familyRewards\api\models\Card.js
FNF:0
FNH:0
DA:8,1
LF:1
LH:1
BRF:0
BRH:0
end_of_record
TN:
SF:E:\NodeJs\RewardsApplication\familyRewards\api\models\Comment.js
FNF:0
FNH:0
DA:8,1
LF:1
LH:1
BRF:0
BRH:0
end_of_record
TN:
SF:E:\NodeJs\RewardsApplication\familyRewards\api\models\Passport.js
FN:9,hashPassword
FN:11,(anonymous_2)
FN:84,(anonymous_3)
FN:96,(anonymous_4)
FN:106,(anonymous_5)
FNF:5
FNH:0
FNDA:0,hashPassword
FNDA:0,(anonymous_2)
FNDA:0,(anonymous_3)
FNDA:0,(anonymous_4)
FNDA:0,(anonymous_5)
DA:1,1
DA:9,1
DA:10,0
DA:11,0
DA:12,0
DA:13,0
DA:16,0
DA:34,1
DA:85,0
DA:97,0
DA:107,0
DA:111,1
LF:12
LH:4
BRDA:10,1,0,0
BRDA:10,1,1,0
BRF:2
BRH:0
end_of_record
TN:
SF:E:\NodeJs\RewardsApplication\familyRewards\api\models\Task.js
FNF:0
FNH:0
DA:8,1
LF:1
LH:1
BRF:0
BRH:0
end_of_record
TN:
SF:E:\NodeJs\RewardsApplication\familyRewards\api\models\User.js
FNF:0
FNH:0
DA:1,1
DA:18,1
LF:2
LH:2
BRF:0
BRH:0
end_of_record
TN:
SF:E:\NodeJs\RewardsApplication\familyRewards\api\controllers\AuthController.js
FN:33,(anonymous_1)
FN:38,(anonymous_2)
FN:70,(anonymous_3)
FN:94,(anonymous_4)
FN:106,(anonymous_5)
FN:126,(anonymous_6)
FN:127,tryAgain
FN:158,(anonymous_8)
FN:163,(anonymous_9)
FN:184,(anonymous_10)
FNF:10
FNH:0
FNDA:0,(anonymous_1)
FNDA:0,(anonymous_2)
FNDA:0,(anonymous_3)
FNDA:0,(anonymous_4)
FNDA:0,(anonymous_5)
FNDA:0,(anonymous_6)
FNDA:0,tryAgain
FNDA:0,(anonymous_8)
FNDA:0,(anonymous_9)
FNDA:0,(anonymous_10)
DA:8,1
DA:34,0
DA:38,0
DA:39,0
DA:40,0
DA:43,0
DA:50,0
DA:71,0
DA:74,0
DA:76,0
DA:95,0
DA:107,0
DA:127,1
DA:132,0
DA:134,0
DA:135,0
DA:136,0
DA:137,0
DA:139,0
DA:144,0
DA:146,0
DA:148,0
DA:149,0
DA:151,0
DA:152,0
DA:154,0
DA:158,0
DA:159,0
DA:160,0
DA:163,0
DA:164,0
DA:165,0
DA:169,0
DA:173,0
DA:185,0
DA:189,1
LF:36
LH:3
BRDA:39,1,0,0
BRDA:39,1,1,0
BRDA:134,2,0,0
BRDA:134,2,1,0
BRDA:134,3,0,0
BRDA:134,3,1,0
BRDA:136,4,0,0
BRDA:136,4,1,0
BRDA:146,5,0,0
BRDA:146,5,1,0
BRDA:146,5,2,0
BRDA:159,6,0,0
BRDA:159,6,1,0
BRDA:159,7,0,0
BRDA:159,7,1,0
BRDA:164,8,0,0
BRDA:164,8,1,0
BRF:17
BRH:0
end_of_record
TN:
SF:E:\NodeJs\RewardsApplication\familyRewards\api\controllers\CardController.js
FNF:0
FNH:0
DA:8,1
LF:1
LH:1
BRF:0
BRH:0
end_of_record
TN:
SF:E:\NodeJs\RewardsApplication\familyRewards\api\controllers\CommentController.js
FNF:0
FNH:0
DA:8,1
LF:1
LH:1
BRF:0
BRH:0
end_of_record
TN:
SF:E:\NodeJs\RewardsApplication\familyRewards\api\controllers\DashboardController.js
FN:2,(anonymous_1)
FNF:1
FNH:0
FNDA:0,(anonymous_1)
DA:1,1
DA:3,0
LF:2
LH:1
BRF:0
BRH:0
end_of_record
TN:
SF:E:\NodeJs\RewardsApplication\familyRewards\api\controllers\TaskController.js
FNF:0
FNH:0
DA:8,1
LF:1
LH:1
BRF:0
BRH:0
end_of_record
TN:
SF:E:\NodeJs\RewardsApplication\familyRewards\api\controllers\UserController.js
FN:14,(anonymous_1)
FN:16,(anonymous_2)
FNF:2
FNH:2
FNDA:2,(anonymous_1)
FNDA:2,(anonymous_2)
DA:1,1
DA:15,2
DA:16,2
DA:17,2
LF:4
LH:4
BRF:0
BRH:0
end_of_record
TN:
SF:E:\NodeJs\RewardsApplication\familyRewards\api\policies\bearerAuth.js
FN:15,(anonymous_1)
FNF:1
FNH:0
FNDA:0,(anonymous_1)
DA:15,1
DA:17,0
LF:2
LH:1
BRF:0
BRH:0
end_of_record
TN:
SF:E:\NodeJs\RewardsApplication\familyRewards\api\policies\passport.js
FN:24,(anonymous_1)
FN:26,(anonymous_2)
FN:28,(anonymous_3)
FNF:3
FNH:3
FNDA:2,(anonymous_1)
FNDA:2,(anonymous_2)
FNDA:2,(anonymous_3)
DA:24,1
DA:26,2
DA:28,2
DA:30,2
DA:32,2
LF:5
LH:5
BRF:0
BRH:0
end_of_record
TN:
SF:E:\NodeJs\RewardsApplication\familyRewards\api\policies\sessionAuth.js
FN:10,(anonymous_1)
FNF:1
FNH:0
FNDA:0,(anonymous_1)
DA:10,1
DA:14,0
DA:15,0
DA:18,0
LF:4
LH:1
BRDA:14,1,0,0
BRDA:14,1,1,0
BRF:2
BRH:0
end_of_record
